生成启动时间为 2013/4/26 星期五 23:10:34。
     1>项目“D:\project\project001\project001\project001.vcxproj”在节点 2 上(build 个目标)。
     1>InitializeBuildStatus:
         正在创建“Debug\project001.unsuccessfulbuild”，因为已指定“AlwaysCreate”。
       ClCompile:
         所有输出均为最新。
         d:\Microsoft Visual Studio 10.0\VC\bin\CL.exe /c /ZI /nologo /W3 /WX- /Od /Oy- /D WIN32 /D _DEBUG /D _CONSOLE /D _UNICODE /D UNICODE /Gm /EHsc /RTC1 /MDd /GS /fp:precise /Zc:wchar_t /Zc:forScope /Yu"StdAfx.h" /Fp"Debug\project001.pch" /Fo"Debug\\" /Fd"Debug\vc100.pdb" /Gd /TP /analyze- /errorReport:prompt project001.cpp
         project001.cpp
     1>d:\project\project001\project001\project001.cpp(49): warning C4715: “shushu”: 不是所有的控件路径都返回值
       ManifestResourceCompile:
         所有输出均为最新。
       Link:
         d:\Microsoft Visual Studio 10.0\VC\bin\link.exe /ERRORREPORT:PROMPT /OUT:"D:\project\project001\Debug\project001.exe" /INCREMENTAL /NOLOGO kernel32.lib user32.lib gdi32.lib winspool.lib comdlg32.lib advapi32.lib shell32.lib ole32.lib oleaut32.lib uuid.lib odbc32.lib odbccp32.lib /MANIFEST /ManifestFile:"Debug\project001.exe.intermediate.manifest" /MANIFESTUAC:"level='asInvoker' uiAccess='false'" /DEBUG /PDB:"D:\project\project001\Debug\project001.pdb" /SUBSYSTEM:CONSOLE /TLBID:1 /DYNAMICBASE /NXCOMPAT /IMPLIB:"D:\project\project001\Debug\project001.lib" /MACHINE:X86 Debug\project001.exe.embed.manifest.res
         Debug\project001.obj
         Debug\stdafx.obj
       Manifest:
         C:\Program Files (x86)\Microsoft SDKs\Windows\v7.0A\bin\mt.exe /nologo /verbose /out:"Debug\project001.exe.embed.manifest" /manifest Debug\project001.exe.intermediate.manifest
         所有输出均为最新。
       LinkEmbedManifest:
         所有输出均为最新。
         project001.vcxproj -> D:\project\project001\Debug\project001.exe
       FinalizeBuildStatus:
         正在删除文件“Debug\project001.unsuccessfulbuild”。
         正在对“Debug\project001.lastbuildstate”执行 Touch 任务。
     1>已完成生成项目“D:\project\project001\project001\project001.vcxproj”(build 个目标)的操作。

生成成功。

已用时间 00:00:01.51
